10:30:38 **** Build of configuration Debug for project strings ****
make all 
Building file: ../src/strings.c
Invoking: GCC C Compiler
gcc -O0 -g3 -Wall -c -fmessage-length=0 -MMD -MP -MF"src/strings.d" -MT"src/strings.d" -o "src/strings.o" "../src/strings.c"
../src/strings.c: In function ‘str_insert’:
../src/strings.c:152:9: warning: unused variable ‘j’ [-Wunused-variable]
   int i,j;
         ^
../src/strings.c: In function ‘str_subst’:
../src/strings.c:165:9: warning: unused variable ‘j’ [-Wunused-variable]
   int i,j,n;
         ^
../src/strings.c:165:7: warning: unused variable ‘i’ [-Wunused-variable]
   int i,j,n;
       ^
../src/strings.c: In function ‘str_copy’:
../src/strings.c:80:1: warning: control reaches end of non-void function [-Wreturn-type]
 }
 ^
../src/strings.c: In function ‘main’:
../src/strings.c:181:1: warning: control reaches end of non-void function [-Wreturn-type]
 }
 ^
Finished building: ../src/strings.c
 
Building target: strings
Invoking: GCC C Linker
gcc  -o "strings"  ./src/strings.o   
Finished building target: strings
 

10:30:39 Build Finished (took 259ms)

